[2024-08-22T19:15:00.495+0000] {manager.py:483} INFO - Processing files using up to 2 processes at a time 
[2024-08-22T19:15:00.498+0000] {manager.py:484} INFO - Process each file at most once every 30 seconds
[2024-08-22T19:15:00.499+0000] {manager.py:485} INFO - Checking for new files in /opt/airflow/dags every 300 seconds
[2024-08-22T19:15:00.501+0000] {manager.py:821} INFO - Searching for files in /opt/airflow/dags
[2024-08-22T19:15:00.552+0000] {manager.py:824} INFO - There are 1 files in /opt/airflow/dags
[2024-08-22T19:15:00.757+0000] {manager.py:997} INFO - 
================================================================================
DAG File Processing Stats

File Path                           PID  Runtime      # DAGs    # Errors  Last Runtime    Last Run      Last # of DB Queries
--------------------------------  -----  ---------  --------  ----------  --------------  ----------  ----------------------
/opt/airflow/dags/brewery_dag.py     54  0.06s             0           0                                                   0
================================================================================
[2024-08-22T19:15:31.507+0000] {manager.py:997} INFO - 
================================================================================
DAG File Processing Stats

File Path                         PID    Runtime      # DAGs    # Errors  Last Runtime    Last Run               Last # of DB Queries
--------------------------------  -----  ---------  --------  ----------  --------------  -------------------  ----------------------
/opt/airflow/dags/brewery_dag.py                           0           1  5.56s           2024-08-22T19:15:06                       3
================================================================================
[2024-08-22T19:16:01.908+0000] {manager.py:997} INFO - 
================================================================================
DAG File Processing Stats

File Path                         PID    Runtime      # DAGs    # Errors  Last Runtime    Last Run               Last # of DB Queries
--------------------------------  -----  ---------  --------  ----------  --------------  -------------------  ----------------------
/opt/airflow/dags/brewery_dag.py                           0           1  1.06s           2024-08-22T19:15:37                       5
================================================================================
[2024-08-22T19:16:31.945+0000] {manager.py:997} INFO - 
================================================================================
DAG File Processing Stats

File Path                         PID    Runtime      # DAGs    # Errors  Last Runtime    Last Run               Last # of DB Queries
--------------------------------  -----  ---------  --------  ----------  --------------  -------------------  ----------------------
/opt/airflow/dags/brewery_dag.py                           0           1  0.69s           2024-08-22T19:16:08                       5
================================================================================
[2024-08-22T19:17:01.997+0000] {manager.py:997} INFO - 
================================================================================
DAG File Processing Stats

File Path                         PID    Runtime      # DAGs    # Errors  Last Runtime    Last Run               Last # of DB Queries
--------------------------------  -----  ---------  --------  ----------  --------------  -------------------  ----------------------
/opt/airflow/dags/brewery_dag.py                           0           1  0.72s           2024-08-22T19:16:39                       5
================================================================================
[2024-08-22T19:17:32.322+0000] {manager.py:997} INFO - 
================================================================================
DAG File Processing Stats

File Path                         PID    Runtime      # DAGs    # Errors  Last Runtime    Last Run               Last # of DB Queries
--------------------------------  -----  ---------  --------  ----------  --------------  -------------------  ----------------------
/opt/airflow/dags/brewery_dag.py                           0           1  0.57s           2024-08-22T19:17:10                       5
================================================================================
[2024-08-22T19:18:02.530+0000] {manager.py:997} INFO - 
================================================================================
DAG File Processing Stats

File Path                         PID    Runtime      # DAGs    # Errors  Last Runtime    Last Run               Last # of DB Queries
--------------------------------  -----  ---------  --------  ----------  --------------  -------------------  ----------------------
/opt/airflow/dags/brewery_dag.py                           0           1  0.53s           2024-08-22T19:17:41                       5
================================================================================
[2024-08-22T19:18:34.607+0000] {manager.py:997} INFO - 
================================================================================
DAG File Processing Stats

File Path                           PID  Runtime      # DAGs    # Errors  Last Runtime    Last Run               Last # of DB Queries
--------------------------------  -----  ---------  --------  ----------  --------------  -------------------  ----------------------
/opt/airflow/dags/brewery_dag.py    109  0.01s             0           1  0.53s           2024-08-22T19:17:41                       5
================================================================================
[2024-08-22T19:21:32.956+0000] {manager.py:821} INFO - Searching for files in /opt/airflow/dags
[2024-08-22T19:21:35.990+0000] {manager.py:824} INFO - There are 1 files in /opt/airflow/dags
[2024-08-22T19:21:36.319+0000] {manager.py:997} INFO - 
================================================================================
DAG File Processing Stats

File Path                           PID  Runtime      # DAGs    # Errors  Last Runtime    Last Run               Last # of DB Queries
--------------------------------  -----  ---------  --------  ----------  --------------  -------------------  ----------------------
/opt/airflow/dags/brewery_dag.py    123  0.01s             0           1  2.29s           2024-08-22T19:18:36                       5
================================================================================
[2024-08-22T19:22:06.689+0000] {manager.py:997} INFO - 
================================================================================
DAG File Processing Stats

File Path                         PID    Runtime      # DAGs    # Errors  Last Runtime    Last Run               Last # of DB Queries
--------------------------------  -----  ---------  --------  ----------  --------------  -------------------  ----------------------
/opt/airflow/dags/brewery_dag.py                           0           1  4.15s           2024-08-22T19:21:40                       5
================================================================================
[2024-08-22T19:22:36.711+0000] {manager.py:997} INFO - 
================================================================================
DAG File Processing Stats

File Path                         PID    Runtime      # DAGs    # Errors  Last Runtime    Last Run               Last # of DB Queries
--------------------------------  -----  ---------  --------  ----------  --------------  -------------------  ----------------------
/opt/airflow/dags/brewery_dag.py                           0           1  0.68s           2024-08-22T19:22:11                       5
================================================================================
[2024-08-22T19:23:07.394+0000] {manager.py:997} INFO - 
================================================================================
DAG File Processing Stats

File Path                         PID    Runtime      # DAGs    # Errors  Last Runtime    Last Run               Last # of DB Queries
--------------------------------  -----  ---------  --------  ----------  --------------  -------------------  ----------------------
/opt/airflow/dags/brewery_dag.py                           0           1  0.51s           2024-08-22T19:22:42                       5
================================================================================
[2024-08-22T19:23:37.972+0000] {manager.py:997} INFO - 
================================================================================
DAG File Processing Stats

File Path                         PID    Runtime      # DAGs    # Errors  Last Runtime    Last Run               Last # of DB Queries
--------------------------------  -----  ---------  --------  ----------  --------------  -------------------  ----------------------
/opt/airflow/dags/brewery_dag.py                           0           1  0.62s           2024-08-22T19:23:13                       5
================================================================================
[2024-08-22T19:24:08.360+0000] {manager.py:997} INFO - 
================================================================================
DAG File Processing Stats

File Path                         PID    Runtime      # DAGs    # Errors  Last Runtime    Last Run               Last # of DB Queries
--------------------------------  -----  ---------  --------  ----------  --------------  -------------------  ----------------------
/opt/airflow/dags/brewery_dag.py                           0           1  0.63s           2024-08-22T19:23:44                       5
================================================================================
[2024-08-22T19:24:38.697+0000] {manager.py:997} INFO - 
================================================================================
DAG File Processing Stats

File Path                         PID    Runtime      # DAGs    # Errors  Last Runtime    Last Run               Last # of DB Queries
--------------------------------  -----  ---------  --------  ----------  --------------  -------------------  ----------------------
/opt/airflow/dags/brewery_dag.py                           0           1  0.59s           2024-08-22T19:24:15                       5
================================================================================
[2024-08-22T19:25:08.995+0000] {manager.py:997} INFO - 
================================================================================
DAG File Processing Stats

File Path                         PID    Runtime      # DAGs    # Errors  Last Runtime    Last Run               Last # of DB Queries
--------------------------------  -----  ---------  --------  ----------  --------------  -------------------  ----------------------
/opt/airflow/dags/brewery_dag.py                           0           1  0.67s           2024-08-22T19:24:45                       5
================================================================================
[2024-08-22T19:25:39.130+0000] {manager.py:997} INFO - 
================================================================================
DAG File Processing Stats

File Path                         PID    Runtime      # DAGs    # Errors  Last Runtime    Last Run               Last # of DB Queries
--------------------------------  -----  ---------  --------  ----------  --------------  -------------------  ----------------------
/opt/airflow/dags/brewery_dag.py                           0           1  0.85s           2024-08-22T19:25:16                       5
================================================================================
[2024-08-22T19:26:09.877+0000] {manager.py:997} INFO - 
================================================================================
DAG File Processing Stats

File Path                         PID    Runtime      # DAGs    # Errors  Last Runtime    Last Run               Last # of DB Queries
--------------------------------  -----  ---------  --------  ----------  --------------  -------------------  ----------------------
/opt/airflow/dags/brewery_dag.py                           0           1  0.56s           2024-08-22T19:25:47                       5
================================================================================
[2024-08-22T19:26:33.241+0000] {manager.py:821} INFO - Searching for files in /opt/airflow/dags
[2024-08-22T19:26:33.258+0000] {manager.py:824} INFO - There are 1 files in /opt/airflow/dags
[2024-08-22T19:26:40.395+0000] {manager.py:997} INFO - 
================================================================================
DAG File Processing Stats

File Path                         PID    Runtime      # DAGs    # Errors  Last Runtime    Last Run               Last # of DB Queries
--------------------------------  -----  ---------  --------  ----------  --------------  -------------------  ----------------------
/opt/airflow/dags/brewery_dag.py                           0           1  1.20s           2024-08-22T19:26:19                       5
================================================================================
[2024-08-22T19:27:10.757+0000] {manager.py:997} INFO - 
================================================================================
DAG File Processing Stats

File Path                         PID    Runtime      # DAGs    # Errors  Last Runtime    Last Run               Last # of DB Queries
--------------------------------  -----  ---------  --------  ----------  --------------  -------------------  ----------------------
/opt/airflow/dags/brewery_dag.py                           0           1  0.54s           2024-08-22T19:26:50                       5
================================================================================
[2024-08-22T19:27:40.823+0000] {manager.py:997} INFO - 
================================================================================
DAG File Processing Stats

File Path                         PID    Runtime      # DAGs    # Errors  Last Runtime    Last Run               Last # of DB Queries
--------------------------------  -----  ---------  --------  ----------  --------------  -------------------  ----------------------
/opt/airflow/dags/brewery_dag.py                           0           1  0.67s           2024-08-22T19:27:36                       5
================================================================================
[2024-08-22T19:28:11.616+0000] {manager.py:997} INFO - 
================================================================================
DAG File Processing Stats

File Path                         PID    Runtime      # DAGs    # Errors  Last Runtime    Last Run               Last # of DB Queries
--------------------------------  -----  ---------  --------  ----------  --------------  -------------------  ----------------------
/opt/airflow/dags/brewery_dag.py                           0           1  0.55s           2024-08-22T19:28:07                       5
================================================================================
[2024-08-22T19:28:42.024+0000] {manager.py:997} INFO - 
================================================================================
DAG File Processing Stats

File Path                         PID    Runtime      # DAGs    # Errors  Last Runtime    Last Run               Last # of DB Queries
--------------------------------  -----  ---------  --------  ----------  --------------  -------------------  ----------------------
/opt/airflow/dags/brewery_dag.py                           0           1  0.54s           2024-08-22T19:28:38                       5
================================================================================
[2024-08-22T19:29:12.310+0000] {manager.py:997} INFO - 
================================================================================
DAG File Processing Stats

File Path                         PID    Runtime      # DAGs    # Errors  Last Runtime    Last Run               Last # of DB Queries
--------------------------------  -----  ---------  --------  ----------  --------------  -------------------  ----------------------
/opt/airflow/dags/brewery_dag.py                           0           1  0.63s           2024-08-22T19:29:09                       5
================================================================================
[2024-08-22T19:29:19.613+0000] {manager.py:465} INFO - Exiting gracefully upon receiving signal 15
[2024-08-22T19:30:11.417+0000] {manager.py:483} INFO - Processing files using up to 2 processes at a time 
[2024-08-22T19:30:11.419+0000] {manager.py:484} INFO - Process each file at most once every 30 seconds
[2024-08-22T19:30:11.420+0000] {manager.py:485} INFO - Checking for new files in /opt/airflow/dags every 300 seconds
[2024-08-22T19:30:11.421+0000] {manager.py:821} INFO - Searching for files in /opt/airflow/dags
[2024-08-22T19:30:11.448+0000] {manager.py:824} INFO - There are 1 files in /opt/airflow/dags
[2024-08-22T19:30:11.626+0000] {manager.py:997} INFO - 
================================================================================
DAG File Processing Stats

File Path                           PID  Runtime      # DAGs    # Errors  Last Runtime    Last Run      Last # of DB Queries
--------------------------------  -----  ---------  --------  ----------  --------------  ----------  ----------------------
/opt/airflow/dags/brewery_dag.py     48  0.07s             0           0                                                   0
================================================================================
[2024-08-22T19:30:41.772+0000] {manager.py:997} INFO - 
================================================================================
DAG File Processing Stats

File Path                         PID    Runtime      # DAGs    # Errors  Last Runtime    Last Run               Last # of DB Queries
--------------------------------  -----  ---------  --------  ----------  --------------  -------------------  ----------------------
/opt/airflow/dags/brewery_dag.py                           0           1  1.51s           2024-08-22T19:30:13                       5
================================================================================
[2024-08-22T19:31:12.412+0000] {manager.py:997} INFO - 
================================================================================
DAG File Processing Stats

File Path                         PID    Runtime      # DAGs    # Errors  Last Runtime    Last Run               Last # of DB Queries
--------------------------------  -----  ---------  --------  ----------  --------------  -------------------  ----------------------
/opt/airflow/dags/brewery_dag.py                           0           1  2.46s           2024-08-22T19:30:46                       5
================================================================================
[2024-08-22T19:31:42.725+0000] {manager.py:997} INFO - 
================================================================================
DAG File Processing Stats

File Path                         PID    Runtime      # DAGs    # Errors  Last Runtime    Last Run               Last # of DB Queries
--------------------------------  -----  ---------  --------  ----------  --------------  -------------------  ----------------------
/opt/airflow/dags/brewery_dag.py                           0           1  0.56s           2024-08-22T19:31:31                       5
================================================================================
[2024-08-22T19:32:12.824+0000] {manager.py:997} INFO - 
================================================================================
DAG File Processing Stats

File Path                         PID    Runtime      # DAGs    # Errors  Last Runtime    Last Run               Last # of DB Queries
--------------------------------  -----  ---------  --------  ----------  --------------  -------------------  ----------------------
/opt/airflow/dags/brewery_dag.py                           0           1  3.96s           2024-08-22T19:32:05                       5
================================================================================
[2024-08-22T19:32:43.171+0000] {manager.py:997} INFO - 
================================================================================
DAG File Processing Stats

File Path                         PID    Runtime      # DAGs    # Errors  Last Runtime    Last Run               Last # of DB Queries
--------------------------------  -----  ---------  --------  ----------  --------------  -------------------  ----------------------
/opt/airflow/dags/brewery_dag.py                           0           1  2.28s           2024-08-22T19:32:38                       5
================================================================================
[2024-08-22T19:33:13.705+0000] {manager.py:997} INFO - 
================================================================================
DAG File Processing Stats

File Path                         PID    Runtime      # DAGs    # Errors  Last Runtime    Last Run               Last # of DB Queries
--------------------------------  -----  ---------  --------  ----------  --------------  -------------------  ----------------------
/opt/airflow/dags/brewery_dag.py                           0           1  0.87s           2024-08-22T19:33:09                       5
================================================================================
[2024-08-22T19:33:43.715+0000] {manager.py:997} INFO - 
================================================================================
DAG File Processing Stats

File Path                         PID    Runtime      # DAGs    # Errors  Last Runtime    Last Run               Last # of DB Queries
--------------------------------  -----  ---------  --------  ----------  --------------  -------------------  ----------------------
/opt/airflow/dags/brewery_dag.py                           0           1  0.61s           2024-08-22T19:33:40                       5
================================================================================
[2024-08-22T19:34:14.505+0000] {manager.py:997} INFO - 
================================================================================
DAG File Processing Stats

File Path                         PID    Runtime      # DAGs    # Errors  Last Runtime    Last Run               Last # of DB Queries
--------------------------------  -----  ---------  --------  ----------  --------------  -------------------  ----------------------
/opt/airflow/dags/brewery_dag.py                           0           1  1.43s           2024-08-22T19:34:12                       5
================================================================================
[2024-08-22T19:34:44.948+0000] {manager.py:997} INFO - 
================================================================================
DAG File Processing Stats

File Path                         PID    Runtime      # DAGs    # Errors  Last Runtime    Last Run               Last # of DB Queries
--------------------------------  -----  ---------  --------  ----------  --------------  -------------------  ----------------------
/opt/airflow/dags/brewery_dag.py                           0           1  0.51s           2024-08-22T19:34:43                       5
================================================================================
[2024-08-22T19:35:11.730+0000] {manager.py:821} INFO - Searching for files in /opt/airflow/dags
[2024-08-22T19:35:11.754+0000] {manager.py:824} INFO - There are 1 files in /opt/airflow/dags
[2024-08-22T19:35:15.226+0000] {manager.py:997} INFO - 
================================================================================
DAG File Processing Stats

File Path                         PID    Runtime      # DAGs    # Errors  Last Runtime    Last Run               Last # of DB Queries
--------------------------------  -----  ---------  --------  ----------  --------------  -------------------  ----------------------
/opt/airflow/dags/brewery_dag.py                           0           1  0.40s           2024-08-22T19:35:14                       5
================================================================================
[2024-08-22T19:35:45.547+0000] {manager.py:997} INFO - 
================================================================================
DAG File Processing Stats

File Path                           PID  Runtime      # DAGs    # Errors  Last Runtime    Last Run               Last # of DB Queries
--------------------------------  -----  ---------  --------  ----------  --------------  -------------------  ----------------------
/opt/airflow/dags/brewery_dag.py    142  1.02s             0           1  0.40s           2024-08-22T19:35:14                       5
================================================================================
[2024-08-22T19:36:15.987+0000] {manager.py:997} INFO - 
================================================================================
DAG File Processing Stats

File Path                         PID    Runtime      # DAGs    # Errors  Last Runtime    Last Run               Last # of DB Queries
--------------------------------  -----  ---------  --------  ----------  --------------  -------------------  ----------------------
/opt/airflow/dags/brewery_dag.py                           0           1  1.63s           2024-08-22T19:35:46                       5
================================================================================
[2024-08-22T19:36:46.323+0000] {manager.py:997} INFO - 
================================================================================
DAG File Processing Stats

File Path                         PID    Runtime      # DAGs    # Errors  Last Runtime    Last Run               Last # of DB Queries
--------------------------------  -----  ---------  --------  ----------  --------------  -------------------  ----------------------
/opt/airflow/dags/brewery_dag.py                           0           1  0.50s           2024-08-22T19:36:17                       5
================================================================================
[2024-08-22T19:37:16.645+0000] {manager.py:997} INFO - 
================================================================================
DAG File Processing Stats

File Path                         PID    Runtime      # DAGs    # Errors  Last Runtime    Last Run               Last # of DB Queries
--------------------------------  -----  ---------  --------  ----------  --------------  -------------------  ----------------------
/opt/airflow/dags/brewery_dag.py                           0           1  0.67s           2024-08-22T19:36:48                       5
================================================================================
[2024-08-22T19:37:46.955+0000] {manager.py:997} INFO - 
================================================================================
DAG File Processing Stats

File Path                         PID    Runtime      # DAGs    # Errors  Last Runtime    Last Run               Last # of DB Queries
--------------------------------  -----  ---------  --------  ----------  --------------  -------------------  ----------------------
/opt/airflow/dags/brewery_dag.py                           0           1  0.40s           2024-08-22T19:37:18                       5
================================================================================
[2024-08-22T19:38:17.614+0000] {manager.py:997} INFO - 
================================================================================
DAG File Processing Stats

File Path                         PID    Runtime      # DAGs    # Errors  Last Runtime    Last Run               Last # of DB Queries
--------------------------------  -----  ---------  --------  ----------  --------------  -------------------  ----------------------
/opt/airflow/dags/brewery_dag.py                           0           1  1.35s           2024-08-22T19:37:50                       5
================================================================================
[2024-08-22T19:38:48.213+0000] {manager.py:997} INFO - 
================================================================================
DAG File Processing Stats

File Path                         PID    Runtime      # DAGs    # Errors  Last Runtime    Last Run               Last # of DB Queries
--------------------------------  -----  ---------  --------  ----------  --------------  -------------------  ----------------------
/opt/airflow/dags/brewery_dag.py                           0           1  1.30s           2024-08-22T19:38:22                       5
================================================================================
[2024-08-22T19:39:18.398+0000] {manager.py:997} INFO - 
================================================================================
DAG File Processing Stats

File Path                         PID    Runtime      # DAGs    # Errors  Last Runtime    Last Run               Last # of DB Queries
--------------------------------  -----  ---------  --------  ----------  --------------  -------------------  ----------------------
/opt/airflow/dags/brewery_dag.py                           0           1  0.83s           2024-08-22T19:38:53                       5
================================================================================
[2024-08-22T19:39:48.963+0000] {manager.py:997} INFO - 
================================================================================
DAG File Processing Stats

File Path                         PID    Runtime      # DAGs    # Errors  Last Runtime    Last Run               Last # of DB Queries
--------------------------------  -----  ---------  --------  ----------  --------------  -------------------  ----------------------
/opt/airflow/dags/brewery_dag.py                           0           1  0.41s           2024-08-22T19:39:23                       5
================================================================================
[2024-08-22T19:40:12.004+0000] {manager.py:821} INFO - Searching for files in /opt/airflow/dags
[2024-08-22T19:40:12.084+0000] {manager.py:824} INFO - There are 1 files in /opt/airflow/dags
[2024-08-22T19:40:19.216+0000] {manager.py:997} INFO - 
================================================================================
DAG File Processing Stats

File Path                         PID    Runtime      # DAGs    # Errors  Last Runtime    Last Run               Last # of DB Queries
--------------------------------  -----  ---------  --------  ----------  --------------  -------------------  ----------------------
/opt/airflow/dags/brewery_dag.py                           0           1  0.76s           2024-08-22T19:39:54                       5
================================================================================
[2024-08-22T19:40:50.150+0000] {manager.py:997} INFO - 
================================================================================
DAG File Processing Stats

File Path                         PID    Runtime      # DAGs    # Errors  Last Runtime    Last Run               Last # of DB Queries
--------------------------------  -----  ---------  --------  ----------  --------------  -------------------  ----------------------
/opt/airflow/dags/brewery_dag.py                           0           1  0.52s           2024-08-22T19:40:25                       5
================================================================================
[2024-08-22T19:41:20.762+0000] {manager.py:997} INFO - 
================================================================================
DAG File Processing Stats

File Path                         PID    Runtime      # DAGs    # Errors  Last Runtime    Last Run               Last # of DB Queries
--------------------------------  -----  ---------  --------  ----------  --------------  -------------------  ----------------------
/opt/airflow/dags/brewery_dag.py                           0           1  0.81s           2024-08-22T19:40:57                       5
================================================================================
[2024-08-22T19:41:50.850+0000] {manager.py:997} INFO - 
================================================================================
DAG File Processing Stats

File Path                         PID    Runtime      # DAGs    # Errors  Last Runtime    Last Run               Last # of DB Queries
--------------------------------  -----  ---------  --------  ----------  --------------  -------------------  ----------------------
/opt/airflow/dags/brewery_dag.py                           0           1  0.76s           2024-08-22T19:41:28                       5
================================================================================
[2024-08-22T19:42:06.291+0000] {manager.py:465} INFO - Exiting gracefully upon receiving signal 15
[2024-08-22T19:45:02.274+0000] {manager.py:483} INFO - Processing files using up to 2 processes at a time 
[2024-08-22T19:45:02.278+0000] {manager.py:484} INFO - Process each file at most once every 30 seconds
[2024-08-22T19:45:02.283+0000] {manager.py:485} INFO - Checking for new files in /opt/airflow/dags every 300 seconds
[2024-08-22T19:45:02.285+0000] {manager.py:821} INFO - Searching for files in /opt/airflow/dags
[2024-08-22T19:45:02.319+0000] {manager.py:824} INFO - There are 1 files in /opt/airflow/dags
[2024-08-22T19:45:03.192+0000] {manager.py:997} INFO - 
================================================================================
DAG File Processing Stats

File Path                           PID  Runtime      # DAGs    # Errors  Last Runtime    Last Run      Last # of DB Queries
--------------------------------  -----  ---------  --------  ----------  --------------  ----------  ----------------------
/opt/airflow/dags/brewery_dag.py     78  0.33s             0           0                                                   0
================================================================================
[2024-08-22T19:45:33.348+0000] {manager.py:997} INFO - 
================================================================================
DAG File Processing Stats

File Path                         PID    Runtime      # DAGs    # Errors  Last Runtime    Last Run               Last # of DB Queries
--------------------------------  -----  ---------  --------  ----------  --------------  -------------------  ----------------------
/opt/airflow/dags/brewery_dag.py                           0           1  21.18s          2024-08-22T19:45:24                       5
================================================================================
[2024-08-22T19:46:03.584+0000] {manager.py:997} INFO - 
================================================================================
DAG File Processing Stats

File Path                         PID    Runtime      # DAGs    # Errors  Last Runtime    Last Run               Last # of DB Queries
--------------------------------  -----  ---------  --------  ----------  --------------  -------------------  ----------------------
/opt/airflow/dags/brewery_dag.py                           0           1  3.55s           2024-08-22T19:45:58                       5
================================================================================
[2024-08-22T19:46:34.375+0000] {manager.py:997} INFO - 
================================================================================
DAG File Processing Stats

File Path                         PID    Runtime      # DAGs    # Errors  Last Runtime    Last Run               Last # of DB Queries
--------------------------------  -----  ---------  --------  ----------  --------------  -------------------  ----------------------
/opt/airflow/dags/brewery_dag.py                           0           1  1.73s           2024-08-22T19:46:30                       5
================================================================================
[2024-08-22T19:47:04.642+0000] {manager.py:997} INFO - 
================================================================================
DAG File Processing Stats

File Path                         PID    Runtime      # DAGs    # Errors  Last Runtime    Last Run               Last # of DB Queries
--------------------------------  -----  ---------  --------  ----------  --------------  -------------------  ----------------------
/opt/airflow/dags/brewery_dag.py                           0           1  0.96s           2024-08-22T19:47:01                       5
================================================================================
[2024-08-22T19:47:35.415+0000] {manager.py:997} INFO - 
================================================================================
DAG File Processing Stats

File Path                         PID    Runtime      # DAGs    # Errors  Last Runtime    Last Run               Last # of DB Queries
--------------------------------  -----  ---------  --------  ----------  --------------  -------------------  ----------------------
/opt/airflow/dags/brewery_dag.py                           0           1  1.24s           2024-08-22T19:47:33                       5
================================================================================
[2024-08-22T19:48:05.438+0000] {manager.py:997} INFO - 
================================================================================
DAG File Processing Stats

File Path                           PID  Runtime      # DAGs    # Errors  Last Runtime    Last Run               Last # of DB Queries
--------------------------------  -----  ---------  --------  ----------  --------------  -------------------  ----------------------
/opt/airflow/dags/brewery_dag.py    124  1.09s             0           1  1.24s           2024-08-22T19:47:33                       5
================================================================================
[2024-08-22T19:48:35.490+0000] {manager.py:997} INFO - 
================================================================================
DAG File Processing Stats

File Path                         PID    Runtime      # DAGs    # Errors  Last Runtime    Last Run               Last # of DB Queries
--------------------------------  -----  ---------  --------  ----------  --------------  -------------------  ----------------------
/opt/airflow/dags/brewery_dag.py                           0           1  2.84s           2024-08-22T19:48:07                       5
================================================================================
[2024-08-22T19:49:06.064+0000] {manager.py:997} INFO - 
================================================================================
DAG File Processing Stats

File Path                         PID    Runtime      # DAGs    # Errors  Last Runtime    Last Run               Last # of DB Queries
--------------------------------  -----  ---------  --------  ----------  --------------  -------------------  ----------------------
/opt/airflow/dags/brewery_dag.py                           0           1  0.64s           2024-08-22T19:48:38                       5
================================================================================
[2024-08-22T19:49:36.380+0000] {manager.py:997} INFO - 
================================================================================
DAG File Processing Stats

File Path                         PID    Runtime      # DAGs    # Errors  Last Runtime    Last Run               Last # of DB Queries
--------------------------------  -----  ---------  --------  ----------  --------------  -------------------  ----------------------
/opt/airflow/dags/brewery_dag.py                           0           1  0.73s           2024-08-22T19:49:09                       5
================================================================================
[2024-08-22T19:50:02.330+0000] {manager.py:821} INFO - Searching for files in /opt/airflow/dags
[2024-08-22T19:50:02.352+0000] {manager.py:824} INFO - There are 1 files in /opt/airflow/dags
[2024-08-22T19:50:06.433+0000] {manager.py:997} INFO - 
================================================================================
DAG File Processing Stats

File Path                         PID    Runtime      # DAGs    # Errors  Last Runtime    Last Run               Last # of DB Queries
--------------------------------  -----  ---------  --------  ----------  --------------  -------------------  ----------------------
/opt/airflow/dags/brewery_dag.py                           0           1  0.68s           2024-08-22T19:49:40                       5
================================================================================
[2024-08-22T19:50:36.542+0000] {manager.py:997} INFO - 
================================================================================
DAG File Processing Stats

File Path                         PID    Runtime      # DAGs    # Errors  Last Runtime    Last Run               Last # of DB Queries
--------------------------------  -----  ---------  --------  ----------  --------------  -------------------  ----------------------
/opt/airflow/dags/brewery_dag.py                           0           1  0.66s           2024-08-22T19:50:11                       5
================================================================================
[2024-08-22T19:50:41.801+0000] {manager.py:465} INFO - Exiting gracefully upon receiving signal 15
[2024-08-22T19:50:41.800+0000] {manager.py:465} INFO - Exiting gracefully upon receiving signal 15
[2024-08-22T19:50:45.817+0000] {manager.py:465} INFO - Exiting gracefully upon receiving signal 15
[2024-08-22T19:53:46.948+0000] {manager.py:483} INFO - Processing files using up to 2 processes at a time 
[2024-08-22T19:53:46.955+0000] {manager.py:484} INFO - Process each file at most once every 30 seconds
[2024-08-22T19:53:46.961+0000] {manager.py:485} INFO - Checking for new files in /opt/airflow/dags every 300 seconds
[2024-08-22T19:53:46.970+0000] {manager.py:821} INFO - Searching for files in /opt/airflow/dags
[2024-08-22T19:53:47.028+0000] {manager.py:824} INFO - There are 1 files in /opt/airflow/dags
[2024-08-22T19:53:47.496+0000] {manager.py:997} INFO - 
================================================================================
DAG File Processing Stats

File Path                           PID  Runtime      # DAGs    # Errors  Last Runtime    Last Run      Last # of DB Queries
--------------------------------  -----  ---------  --------  ----------  --------------  ----------  ----------------------
/opt/airflow/dags/brewery_dag.py     68  0.13s             0           0                                                   0
================================================================================
[2024-08-22T19:54:18.179+0000] {manager.py:997} INFO - 
================================================================================
DAG File Processing Stats

File Path                         PID    Runtime      # DAGs    # Errors  Last Runtime    Last Run               Last # of DB Queries
--------------------------------  -----  ---------  --------  ----------  --------------  -------------------  ----------------------
/opt/airflow/dags/brewery_dag.py                           0           1  8.92s           2024-08-22T19:53:56                       5
================================================================================
[2024-08-22T19:54:48.378+0000] {manager.py:997} INFO - 
================================================================================
DAG File Processing Stats

File Path                         PID    Runtime      # DAGs    # Errors  Last Runtime    Last Run               Last # of DB Queries
--------------------------------  -----  ---------  --------  ----------  --------------  -------------------  ----------------------
/opt/airflow/dags/brewery_dag.py                           0           1  8.52s           2024-08-22T19:54:35                       5
================================================================================
[2024-08-22T19:55:19.182+0000] {manager.py:997} INFO - 
================================================================================
DAG File Processing Stats

File Path                         PID    Runtime      # DAGs    # Errors  Last Runtime    Last Run               Last # of DB Queries
--------------------------------  -----  ---------  --------  ----------  --------------  -------------------  ----------------------
/opt/airflow/dags/brewery_dag.py                           0           1  4.61s           2024-08-22T19:55:10                       5
================================================================================
[2024-08-22T19:55:49.253+0000] {manager.py:997} INFO - 
================================================================================
DAG File Processing Stats

File Path                         PID    Runtime      # DAGs    # Errors  Last Runtime    Last Run               Last # of DB Queries
--------------------------------  -----  ---------  --------  ----------  --------------  -------------------  ----------------------
/opt/airflow/dags/brewery_dag.py                           0           1  3.93s           2024-08-22T19:55:44                       5
================================================================================
[2024-08-22T19:56:12.250+0000] {manager.py:465} INFO - Exiting gracefully upon receiving signal 15
[2024-08-22T19:58:31.619+0000] {manager.py:483} INFO - Processing files using up to 2 processes at a time 
[2024-08-22T19:58:31.623+0000] {manager.py:484} INFO - Process each file at most once every 30 seconds
[2024-08-22T19:58:31.625+0000] {manager.py:485} INFO - Checking for new files in /opt/airflow/dags every 300 seconds
[2024-08-22T19:58:31.628+0000] {manager.py:821} INFO - Searching for files in /opt/airflow/dags
[2024-08-22T19:58:31.732+0000] {manager.py:824} INFO - There are 1 files in /opt/airflow/dags
[2024-08-22T19:58:32.322+0000] {manager.py:997} INFO - 
================================================================================
DAG File Processing Stats

File Path                           PID  Runtime      # DAGs    # Errors  Last Runtime    Last Run      Last # of DB Queries
--------------------------------  -----  ---------  --------  ----------  --------------  ----------  ----------------------
/opt/airflow/dags/brewery_dag.py     70  0.19s             0           0                                                   0
================================================================================
[2024-08-22T19:59:02.985+0000] {manager.py:997} INFO - 
================================================================================
DAG File Processing Stats

File Path                         PID    Runtime      # DAGs    # Errors  Last Runtime    Last Run               Last # of DB Queries
--------------------------------  -----  ---------  --------  ----------  --------------  -------------------  ----------------------
/opt/airflow/dags/brewery_dag.py                           0           1  10.35s          2024-08-22T19:58:42                       5
================================================================================
[2024-08-22T19:59:33.842+0000] {manager.py:997} INFO - 
================================================================================
DAG File Processing Stats

File Path                         PID    Runtime      # DAGs    # Errors  Last Runtime    Last Run               Last # of DB Queries
--------------------------------  -----  ---------  --------  ----------  --------------  -------------------  ----------------------
/opt/airflow/dags/brewery_dag.py                           0           1  5.98s           2024-08-22T19:59:18                       5
================================================================================
[2024-08-22T20:00:04.194+0000] {manager.py:997} INFO - 
================================================================================
DAG File Processing Stats

File Path                         PID    Runtime      # DAGs    # Errors  Last Runtime    Last Run               Last # of DB Queries
--------------------------------  -----  ---------  --------  ----------  --------------  -------------------  ----------------------
/opt/airflow/dags/brewery_dag.py                           0           1  0.63s           2024-08-22T19:59:49                       5
================================================================================
[2024-08-22T20:00:34.593+0000] {manager.py:997} INFO - 
================================================================================
DAG File Processing Stats

File Path                         PID    Runtime      # DAGs    # Errors  Last Runtime    Last Run               Last # of DB Queries
--------------------------------  -----  ---------  --------  ----------  --------------  -------------------  ----------------------
/opt/airflow/dags/brewery_dag.py                           0           1  2.02s           2024-08-22T20:00:21                       5
================================================================================
[2024-08-22T20:01:05.720+0000] {manager.py:997} INFO - 
================================================================================
DAG File Processing Stats

File Path                         PID    Runtime      # DAGs    # Errors  Last Runtime    Last Run               Last # of DB Queries
--------------------------------  -----  ---------  --------  ----------  --------------  -------------------  ----------------------
/opt/airflow/dags/brewery_dag.py                           0           1  2.39s           2024-08-22T20:00:55                       5
================================================================================
[2024-08-22T20:01:36.081+0000] {manager.py:997} INFO - 
================================================================================
DAG File Processing Stats

File Path                         PID    Runtime      # DAGs    # Errors  Last Runtime    Last Run               Last # of DB Queries
--------------------------------  -----  ---------  --------  ----------  --------------  -------------------  ----------------------
/opt/airflow/dags/brewery_dag.py                           0           1  1.67s           2024-08-22T20:01:27                       5
================================================================================
[2024-08-22T20:02:06.387+0000] {manager.py:997} INFO - 
================================================================================
DAG File Processing Stats

File Path                         PID    Runtime      # DAGs    # Errors  Last Runtime    Last Run               Last # of DB Queries
--------------------------------  -----  ---------  --------  ----------  --------------  -------------------  ----------------------
/opt/airflow/dags/brewery_dag.py                           0           1  0.63s           2024-08-22T20:01:58                       5
================================================================================
[2024-08-22T20:02:37.104+0000] {manager.py:997} INFO - 
================================================================================
DAG File Processing Stats

File Path                         PID    Runtime      # DAGs    # Errors  Last Runtime    Last Run               Last # of DB Queries
--------------------------------  -----  ---------  --------  ----------  --------------  -------------------  ----------------------
/opt/airflow/dags/brewery_dag.py                           0           1  1.10s           2024-08-22T20:02:30                       5
================================================================================
[2024-08-22T20:03:07.473+0000] {manager.py:997} INFO - 
================================================================================
DAG File Processing Stats

File Path                         PID    Runtime      # DAGs    # Errors  Last Runtime    Last Run               Last # of DB Queries
--------------------------------  -----  ---------  --------  ----------  --------------  -------------------  ----------------------
/opt/airflow/dags/brewery_dag.py                           0           1  0.58s           2024-08-22T20:03:00                       5
================================================================================
[2024-08-22T20:03:32.365+0000] {manager.py:821} INFO - Searching for files in /opt/airflow/dags
[2024-08-22T20:03:32.470+0000] {manager.py:824} INFO - There are 1 files in /opt/airflow/dags
[2024-08-22T20:03:37.790+0000] {manager.py:997} INFO - 
================================================================================
DAG File Processing Stats

File Path                         PID    Runtime      # DAGs    # Errors  Last Runtime    Last Run               Last # of DB Queries
--------------------------------  -----  ---------  --------  ----------  --------------  -------------------  ----------------------
/opt/airflow/dags/brewery_dag.py                           0           1  1.63s           2024-08-22T20:03:32                       5
================================================================================
[2024-08-22T20:04:07.903+0000] {manager.py:997} INFO - 
================================================================================
DAG File Processing Stats

File Path                         PID    Runtime      # DAGs    # Errors  Last Runtime    Last Run               Last # of DB Queries
--------------------------------  -----  ---------  --------  ----------  --------------  -------------------  ----------------------
/opt/airflow/dags/brewery_dag.py                           0           1  0.97s           2024-08-22T20:04:04                       5
================================================================================
[2024-08-22T20:04:38.184+0000] {manager.py:997} INFO - 
================================================================================
DAG File Processing Stats

File Path                         PID    Runtime      # DAGs    # Errors  Last Runtime    Last Run               Last # of DB Queries
--------------------------------  -----  ---------  --------  ----------  --------------  -------------------  ----------------------
/opt/airflow/dags/brewery_dag.py                           0           1  0.39s           2024-08-22T20:04:35                       5
================================================================================
[2024-08-22T20:05:08.483+0000] {manager.py:997} INFO - 
================================================================================
DAG File Processing Stats

File Path                         PID    Runtime      # DAGs    # Errors  Last Runtime    Last Run               Last # of DB Queries
--------------------------------  -----  ---------  --------  ----------  --------------  -------------------  ----------------------
/opt/airflow/dags/brewery_dag.py                           0           1  0.39s           2024-08-22T20:05:05                       5
================================================================================
[2024-08-22T20:05:38.936+0000] {manager.py:997} INFO - 
================================================================================
DAG File Processing Stats

File Path                         PID    Runtime      # DAGs    # Errors  Last Runtime    Last Run               Last # of DB Queries
--------------------------------  -----  ---------  --------  ----------  --------------  -------------------  ----------------------
/opt/airflow/dags/brewery_dag.py                           0           1  1.17s           2024-08-22T20:05:37                       5
================================================================================
[2024-08-22T20:06:09.175+0000] {manager.py:997} INFO - 
================================================================================
DAG File Processing Stats

File Path                         PID    Runtime      # DAGs    # Errors  Last Runtime    Last Run               Last # of DB Queries
--------------------------------  -----  ---------  --------  ----------  --------------  -------------------  ----------------------
/opt/airflow/dags/brewery_dag.py                           0           1  0.81s           2024-08-22T20:06:08                       5
================================================================================
[2024-08-22T20:06:39.699+0000] {manager.py:997} INFO - 
================================================================================
DAG File Processing Stats

File Path                           PID  Runtime      # DAGs    # Errors  Last Runtime    Last Run               Last # of DB Queries
--------------------------------  -----  ---------  --------  ----------  --------------  -------------------  ----------------------
/opt/airflow/dags/brewery_dag.py    196  1.05s             0           1  0.81s           2024-08-22T20:06:08                       5
================================================================================
[2024-08-22T20:07:09.828+0000] {manager.py:997} INFO - 
================================================================================
DAG File Processing Stats

File Path                         PID    Runtime      # DAGs    # Errors  Last Runtime    Last Run               Last # of DB Queries
--------------------------------  -----  ---------  --------  ----------  --------------  -------------------  ----------------------
/opt/airflow/dags/brewery_dag.py                           0           1  1.29s           2024-08-22T20:06:54                       5
================================================================================
[2024-08-22T20:07:40.236+0000] {manager.py:997} INFO - 
================================================================================
DAG File Processing Stats

File Path                         PID    Runtime      # DAGs    # Errors  Last Runtime    Last Run               Last # of DB Queries
--------------------------------  -----  ---------  --------  ----------  --------------  -------------------  ----------------------
/opt/airflow/dags/brewery_dag.py                           0           1  2.18s           2024-08-22T20:07:27                       5
================================================================================
[2024-08-22T20:08:10.403+0000] {manager.py:997} INFO - 
================================================================================
DAG File Processing Stats

File Path                         PID    Runtime      # DAGs    # Errors  Last Runtime    Last Run               Last # of DB Queries
--------------------------------  -----  ---------  --------  ----------  --------------  -------------------  ----------------------
/opt/airflow/dags/brewery_dag.py                           0           1  0.84s           2024-08-22T20:07:58                       5
================================================================================
[2024-08-22T20:08:32.415+0000] {manager.py:821} INFO - Searching for files in /opt/airflow/dags
[2024-08-22T20:08:32.457+0000] {manager.py:824} INFO - There are 1 files in /opt/airflow/dags
[2024-08-22T20:08:40.641+0000] {manager.py:997} INFO - 
================================================================================
DAG File Processing Stats

File Path                         PID    Runtime      # DAGs    # Errors  Last Runtime    Last Run               Last # of DB Queries
--------------------------------  -----  ---------  --------  ----------  --------------  -------------------  ----------------------
/opt/airflow/dags/brewery_dag.py                           0           1  1.98s           2024-08-22T20:08:30                       5
================================================================================
[2024-08-22T20:09:11.000+0000] {manager.py:997} INFO - 
================================================================================
DAG File Processing Stats

File Path                         PID    Runtime      # DAGs    # Errors  Last Runtime    Last Run               Last # of DB Queries
--------------------------------  -----  ---------  --------  ----------  --------------  -------------------  ----------------------
/opt/airflow/dags/brewery_dag.py                           1           0  2.27s           2024-08-22T20:08:56                      22
================================================================================
[2024-08-22T20:09:41.107+0000] {manager.py:997} INFO - 
================================================================================
DAG File Processing Stats

File Path                         PID    Runtime      # DAGs    # Errors  Last Runtime    Last Run               Last # of DB Queries
--------------------------------  -----  ---------  --------  ----------  --------------  -------------------  ----------------------
/opt/airflow/dags/brewery_dag.py                           1           0  3.01s           2024-08-22T20:09:30                      12
================================================================================
[2024-08-22T20:10:05.662+0000] {manager.py:465} INFO - Exiting gracefully upon receiving signal 15
